Using pre-set license
Built from '2020.3/release' branch; Version is '2020.3.7f1 (dd97f2c94397) revision 14522354'; Using compiler version '192528614'; Build Type 'Release'
OS: 'Windows 10 Home; OS build 19041.1110; Version 2004; 64bit' Language: 'de' Physical Memory: 16294 MB
BatchMode: 1, IsHumanControllingUs: 0, StartBugReporterOnCrash: 0, Is64bit: 1, IsPro: 0

 COMMAND LINE ARGUMENTS:
C:\Program Files\Unity\Hub\Editor\2020.3.7f1\Editor\Unity.exe
-adb2
-batchMode
-noUpm
-name
AssetImportWorker0
-projectPath
C:/Users/mirco/Unity Projects/GIT/OOP-Final-Tutorial/Final OOP Tutorial Project
-logFile
Logs/AssetImportWorker0.log
-srvPort
63516
Successfully changed project path to: C:/Users/mirco/Unity Projects/GIT/OOP-Final-Tutorial/Final OOP Tutorial Project
C:/Users/mirco/Unity Projects/GIT/OOP-Final-Tutorial/Final OOP Tutorial Project
Using Asset Import Pipeline V2.
Refreshing native plugins compatible for Editor in 16.72 ms, found 0 plugins.
Preloading 0 native plugins for Editor in 0.00 ms.
Initialize engine version: 2020.3.7f1 (dd97f2c94397)
[Subsystems] Discovering subsystems at path C:/Program Files/Unity/Hub/Editor/2020.3.7f1/Editor/Data/Resources/UnitySubsystems
[Subsystems] Discovering subsystems at path C:/Users/mirco/Unity Projects/GIT/OOP-Final-Tutorial/Final OOP Tutorial Project/Assets
GfxDevice: creating device client; threaded=0
Direct3D:
    Version:  Direct3D 11.0 [level 11.1]
    Renderer: NVIDIA GeForce RTX 2080 SUPER (ID=0x1e81)
    Vendor:   
    VRAM:     8010 MB
    Driver:   30.0.14.7111
Initialize mono
Mono path[0] = 'C:/Program Files/Unity/Hub/Editor/2020.3.7f1/Editor/Data/Managed'
Mono path[1] = 'C:/Program Files/Unity/Hub/Editor/2020.3.7f1/Editor/Data/MonoBleedingEdge/lib/mono/unityjit'
Mono config path = 'C:/Program Files/Unity/Hub/Editor/2020.3.7f1/Editor/Data/MonoBleedingEdge/etc'
Using monoOptions --debugger-agent=transport=dt_socket,embedding=1,server=y,suspend=n,address=127.0.0.1:56536
Begin MonoManager ReloadAssembly
Registering precompiled unity dll's ...
Register platform support module: C:/Program Files/Unity/Hub/Editor/2020.3.7f1/Editor/Data/PlaybackEngines/WebGLSupport/UnityEditor.WebGL.Extensions.dll
Register platform support module: C:/Program Files/Unity/Hub/Editor/2020.3.7f1/Editor/Data/PlaybackEngines/WindowsStandaloneSupport/UnityEditor.WindowsStandalone.Extensions.dll
Registered in 0.001790 seconds.
Native extension for WindowsStandalone target not found
Native extension for WebGL target not found
Refreshing native plugins compatible for Editor in 17.29 ms, found 0 plugins.
Preloading 0 native plugins for Editor in 0.00 ms.
Mono: successfully reloaded assembly
- Completed reload, in  0.809 seconds
Platform modules already initialized, skipping
Registering precompiled user dll's ...
Registered in 0.000482 seconds.
Begin MonoManager ReloadAssembly
Native extension for WindowsStandalone target not found
Native extension for WebGL target not found
Refreshing native plugins compatible for Editor in 0.15 ms, found 0 plugins.
Preloading 0 native plugins for Editor in 0.00 ms.
Mono: successfully reloaded assembly
- Completed reload, in  0.609 seconds
Platform modules already initialized, skipping
========================================================================
Worker process is ready to serve import requests
Launched and connected shader compiler UnityShaderCompiler.exe after 0.03 seconds
Refreshing native plugins compatible for Editor in 0.15 ms, found 0 plugins.
Preloading 0 native plugins for Editor in 0.00 ms.
Unloading 1115 Unused Serialized files (Serialized files now loaded: 0)
System memory in use before: 57.5 MB.
System memory in use after: 57.5 MB.

Unloading 10 unused Assets to reduce memory usage. Loaded Objects now: 1557.
Total: 1.179000 ms (FindLiveObjects: 0.089900 ms CreateObjectMapping: 0.026800 ms MarkObjects: 1.012500 ms  DeleteObjects: 0.048900 ms)

========================================================================
Received Import Request.
  path: Assets/Scenes/SampleScene.unity
  artifactKey: Guid(9fc0d4010bbf28b4594072e72b8655ab) Importer(815301076,1909f56bfc062723c751e8b465ee728b)
Start importing Assets/Scenes/SampleScene.unity using Guid(9fc0d4010bbf28b4594072e72b8655ab) Importer(815301076,1909f56bfc062723c751e8b465ee728b)  -> (artifact id: '73375568fee951cd03f03eadad72722f') in 0.012001 seconds
  Import took 0.013431 seconds .

========================================================================
Received Import Request.
  Time since last request: 1.674765 seconds.
  path: Assets/Scenes
  artifactKey: Guid(23295604a15ce73429404ee546c421ef) Importer(815301076,1909f56bfc062723c751e8b465ee728b)
Start importing Assets/Scenes using Guid(23295604a15ce73429404ee546c421ef) Importer(815301076,1909f56bfc062723c751e8b465ee728b)  -> (artifact id: '9fd008fe959148c5c7f36955f53cd662') in 0.004880 seconds
  Import took 0.006542 seconds .

========================================================================
Received Import Request.
  Time since last request: 14.723596 seconds.
  path: Assets/Scenes/Main.unity
  artifactKey: Guid(79ae647533d875c43ba3e8b84bd6d1db) Importer(815301076,1909f56bfc062723c751e8b465ee728b)
Start importing Assets/Scenes/Main.unity using Guid(79ae647533d875c43ba3e8b84bd6d1db) Importer(815301076,1909f56bfc062723c751e8b465ee728b)  -> (artifact id: 'd70a87bd249ac0669273d53722c10d7e') in 0.005066 seconds
  Import took 0.006556 seconds .

========================================================================
Received Import Request.
  Time since last request: 6.902338 seconds.
  path: Assets/Scenes/Menu.unity
  artifactKey: Guid(b913b1cb5034f124cbb3a78e402c91ca) Importer(815301076,1909f56bfc062723c751e8b465ee728b)
Start importing Assets/Scenes/Menu.unity using Guid(b913b1cb5034f124cbb3a78e402c91ca) Importer(815301076,1909f56bfc062723c751e8b465ee728b)  -> (artifact id: 'd936843169605ea59efaa7cdad380ae1') in 0.005126 seconds
  Import took 0.006628 seconds .

========================================================================
Received Import Request.
  Time since last request: 357.972685 seconds.
  path: Assets
  artifactKey: Guid(00000000000000001000000000000000) Importer(815301076,1909f56bfc062723c751e8b465ee728b)
Start importing Assets using Guid(00000000000000001000000000000000) Importer(815301076,1909f56bfc062723c751e8b465ee728b)  -> (artifact id: '5f6a1853b736837ecfb0820a881449cb') in 0.005575 seconds
  Import took 0.007524 seconds .

========================================================================
Received Prepare
Registering precompiled user dll's ...
Registered in 0.000468 seconds.
Begin MonoManager ReloadAssembly
Native extension for WindowsStandalone target not found
Native extension for WebGL target not found
Refreshing native plugins compatible for Editor in 0.15 ms, found 0 plugins.
Preloading 0 native plugins for Editor in 0.00 ms.
Mono: successfully reloaded assembly
- Completed reload, in  0.564 seconds
Platform modules already initialized, skipping
Refreshing native plugins compatible for Editor in 0.15 ms, found 0 plugins.
Preloading 0 native plugins for Editor in 0.00 ms.
Unloading 1110 Unused Serialized files (Serialized files now loaded: 0)
System memory in use before: 57.4 MB.
System memory in use after: 57.5 MB.

Unloading 5 unused Assets to reduce memory usage. Loaded Objects now: 1560.
Total: 1.091400 ms (FindLiveObjects: 0.086700 ms CreateObjectMapping: 0.024500 ms MarkObjects: 0.948900 ms  DeleteObjects: 0.030600 ms)

========================================================================
Received Import Request.
  Time since last request: 5.967781 seconds.
  path: Assets/Scripts
  artifactKey: Guid(537b155b41038e045a8db8b9d1e4261b) Importer(815301076,1909f56bfc062723c751e8b465ee728b)
Start importing Assets/Scripts using Guid(537b155b41038e045a8db8b9d1e4261b) Importer(815301076,1909f56bfc062723c751e8b465ee728b)  -> (artifact id: '796f5a4397450c3c240f729343500076') in 0.005710 seconds
  Import took 0.007140 seconds .

========================================================================
Received Import Request.
  Time since last request: 10.141526 seconds.
  path: Assets/Scripts/PlayGame.cs
  artifactKey: Guid(daf1d74089892bf4d953485e7bf3ac30) Importer(815301076,1909f56bfc062723c751e8b465ee728b)
Start importing Assets/Scripts/PlayGame.cs using Guid(daf1d74089892bf4d953485e7bf3ac30) Importer(815301076,1909f56bfc062723c751e8b465ee728b)  -> (artifact id: '4800bfcf159e3cc7bb8297373c47bc20') in 0.017985 seconds
  Import took 0.019556 seconds .

========================================================================
Received Prepare
Registering precompiled user dll's ...
Registered in 0.000422 seconds.
Begin MonoManager ReloadAssembly
Native extension for WindowsStandalone target not found
Native extension for WebGL target not found
Refreshing native plugins compatible for Editor in 0.16 ms, found 0 plugins.
Preloading 0 native plugins for Editor in 0.00 ms.
Mono: successfully reloaded assembly
- Completed reload, in  0.582 seconds
Platform modules already initialized, skipping
Refreshing native plugins compatible for Editor in 0.15 ms, found 0 plugins.
Preloading 0 native plugins for Editor in 0.00 ms.
Unloading 1111 Unused Serialized files (Serialized files now loaded: 0)
System memory in use before: 57.5 MB.
System memory in use after: 57.6 MB.

Unloading 5 unused Assets to reduce memory usage. Loaded Objects now: 1564.
Total: 1.251900 ms (FindLiveObjects: 0.099900 ms CreateObjectMapping: 0.026200 ms MarkObjects: 1.087800 ms  DeleteObjects: 0.037100 ms)

========================================================================
Received Prepare
Registering precompiled user dll's ...
Registered in 0.000429 seconds.
Begin MonoManager ReloadAssembly
Native extension for WindowsStandalone target not found
Native extension for WebGL target not found
Refreshing native plugins compatible for Editor in 0.15 ms, found 0 plugins.
Preloading 0 native plugins for Editor in 0.00 ms.
Mono: successfully reloaded assembly
- Completed reload, in  0.577 seconds
Platform modules already initialized, skipping
Refreshing native plugins compatible for Editor in 0.15 ms, found 0 plugins.
Preloading 0 native plugins for Editor in 0.00 ms.
Unloading 1110 Unused Serialized files (Serialized files now loaded: 0)
System memory in use before: 57.5 MB.
System memory in use after: 57.6 MB.

Unloading 6 unused Assets to reduce memory usage. Loaded Objects now: 1566.
Total: 1.070200 ms (FindLiveObjects: 0.100800 ms CreateObjectMapping: 0.024700 ms MarkObjects: 0.910500 ms  DeleteObjects: 0.033500 ms)

========================================================================
Received Prepare
Registering precompiled user dll's ...
Registered in 0.000447 seconds.
Begin MonoManager ReloadAssembly
Native extension for WindowsStandalone target not found
Native extension for WebGL target not found
Refreshing native plugins compatible for Editor in 0.16 ms, found 0 plugins.
Preloading 0 native plugins for Editor in 0.00 ms.
Mono: successfully reloaded assembly
- Completed reload, in  0.631 seconds
Platform modules already initialized, skipping
Refreshing native plugins compatible for Editor in 0.15 ms, found 0 plugins.
Preloading 0 native plugins for Editor in 0.00 ms.
Unloading 1111 Unused Serialized files (Serialized files now loaded: 0)
System memory in use before: 57.5 MB.
System memory in use after: 57.6 MB.

Unloading 5 unused Assets to reduce memory usage. Loaded Objects now: 1570.
Total: 1.147800 ms (FindLiveObjects: 0.102600 ms CreateObjectMapping: 0.026900 ms MarkObjects: 0.986000 ms  DeleteObjects: 0.031600 ms)

========================================================================
Received Import Request.
  Time since last request: 183.750691 seconds.
  path: Assets/Scripts/PlayButtonHandler.cs
  artifactKey: Guid(2c3c41e80da5ec745a8312ae6bf149ff) Importer(815301076,1909f56bfc062723c751e8b465ee728b)
Start importing Assets/Scripts/PlayButtonHandler.cs using Guid(2c3c41e80da5ec745a8312ae6bf149ff) Importer(815301076,1909f56bfc062723c751e8b465ee728b)  -> (artifact id: '2df53576d6dc86d2e6faff70c26c35d5') in 0.006561 seconds
  Import took 0.008307 seconds .

========================================================================
Received Prepare
Registering precompiled user dll's ...
Registered in 0.000414 seconds.
Begin MonoManager ReloadAssembly
Native extension for WindowsStandalone target not found
Native extension for WebGL target not found
Refreshing native plugins compatible for Editor in 0.16 ms, found 0 plugins.
Preloading 0 native plugins for Editor in 0.00 ms.
Mono: successfully reloaded assembly
- Completed reload, in  0.593 seconds
Platform modules already initialized, skipping
Refreshing native plugins compatible for Editor in 0.15 ms, found 0 plugins.
Preloading 0 native plugins for Editor in 0.00 ms.
Unloading 1111 Unused Serialized files (Serialized files now loaded: 0)
System memory in use before: 57.5 MB.
System memory in use after: 57.6 MB.

Unloading 5 unused Assets to reduce memory usage. Loaded Objects now: 1573.
Total: 1.166600 ms (FindLiveObjects: 0.096500 ms CreateObjectMapping: 0.024800 ms MarkObjects: 1.012800 ms  DeleteObjects: 0.031700 ms)

========================================================================
Received Prepare
Registering precompiled user dll's ...
Registered in 0.000449 seconds.
Begin MonoManager ReloadAssembly
Native extension for WindowsStandalone target not found
Native extension for WebGL target not found
Refreshing native plugins compatible for Editor in 0.15 ms, found 0 plugins.
Preloading 0 native plugins for Editor in 0.00 ms.
Mono: successfully reloaded assembly
- Completed reload, in  0.583 seconds
Platform modules already initialized, skipping
Refreshing native plugins compatible for Editor in 0.14 ms, found 0 plugins.
Preloading 0 native plugins for Editor in 0.00 ms.
Unloading 1111 Unused Serialized files (Serialized files now loaded: 0)
System memory in use before: 57.5 MB.
System memory in use after: 57.6 MB.

Unloading 5 unused Assets to reduce memory usage. Loaded Objects now: 1576.
Total: 1.483600 ms (FindLiveObjects: 0.131100 ms CreateObjectMapping: 0.034700 ms MarkObjects: 1.276700 ms  DeleteObjects: 0.040000 ms)

========================================================================
Received Import Request.
  Time since last request: 135.410578 seconds.
  path: Assets/Scripts/PlayButtonHandler.cs
  artifactKey: Guid(2c3c41e80da5ec745a8312ae6bf149ff) Importer(815301076,1909f56bfc062723c751e8b465ee728b)
Start importing Assets/Scripts/PlayButtonHandler.cs using Guid(2c3c41e80da5ec745a8312ae6bf149ff) Importer(815301076,1909f56bfc062723c751e8b465ee728b)  -> (artifact id: '00000000000000000000000000000000') in 0.000863 seconds
  ERROR: Build asset version error: assets/scripts/playbuttonhandler.cs in SourceAssetDB has modification time of '2021-07-29T13:04:45.6052567Z' while content on disk has modification time of '2021-07-29T13:06:45.1036865Z'
  Import took 0.002281 seconds .

========================================================================
Received Import Request.
  Time since last request: 0.065612 seconds.
  path: Assets/Scripts/PlayButtonHandler.cs
  artifactKey: Guid(2c3c41e80da5ec745a8312ae6bf149ff) Importer(815301076,1909f56bfc062723c751e8b465ee728b)
Start importing Assets/Scripts/PlayButtonHandler.cs using Guid(2c3c41e80da5ec745a8312ae6bf149ff) Importer(815301076,1909f56bfc062723c751e8b465ee728b)  -> (artifact id: '00000000000000000000000000000000') in 0.000212 seconds
  ERROR: Build asset version error: assets/scripts/playbuttonhandler.cs in SourceAssetDB has modification time of '2021-07-29T13:04:45.6052567Z' while content on disk has modification time of '2021-07-29T13:06:45.1036865Z'
  Import took 0.001305 seconds .

========================================================================
Received Import Request.
  Time since last request: 0.113302 seconds.
  path: Assets/Scripts/PlayButtonHandler.cs
  artifactKey: Guid(2c3c41e80da5ec745a8312ae6bf149ff) Importer(815301076,1909f56bfc062723c751e8b465ee728b)
Start importing Assets/Scripts/PlayButtonHandler.cs using Guid(2c3c41e80da5ec745a8312ae6bf149ff) Importer(815301076,1909f56bfc062723c751e8b465ee728b)  -> (artifact id: '00000000000000000000000000000000') in 0.000259 seconds
  ERROR: Build asset version error: assets/scripts/playbuttonhandler.cs in SourceAssetDB has modification time of '2021-07-29T13:04:45.6052567Z' while content on disk has modification time of '2021-07-29T13:06:45.1036865Z'
  Import took 0.001364 seconds .

========================================================================
Received Import Request.
  Time since last request: 0.109917 seconds.
  path: Assets/Scripts/PlayButtonHandler.cs
  artifactKey: Guid(2c3c41e80da5ec745a8312ae6bf149ff) Importer(815301076,1909f56bfc062723c751e8b465ee728b)
Start importing Assets/Scripts/PlayButtonHandler.cs using Guid(2c3c41e80da5ec745a8312ae6bf149ff) Importer(815301076,1909f56bfc062723c751e8b465ee728b)  -> (artifact id: '00000000000000000000000000000000') in 0.000222 seconds
  ERROR: Build asset version error: assets/scripts/playbuttonhandler.cs in SourceAssetDB has modification time of '2021-07-29T13:04:45.6052567Z' while content on disk has modification time of '2021-07-29T13:06:45.1036865Z'
  Import took 0.001374 seconds .

========================================================================
Received Import Request.
  Time since last request: 0.107933 seconds.
  path: Assets/Scripts/PlayButtonHandler.cs
  artifactKey: Guid(2c3c41e80da5ec745a8312ae6bf149ff) Importer(815301076,1909f56bfc062723c751e8b465ee728b)
Start importing Assets/Scripts/PlayButtonHandler.cs using Guid(2c3c41e80da5ec745a8312ae6bf149ff) Importer(815301076,1909f56bfc062723c751e8b465ee728b)  -> (artifact id: '00000000000000000000000000000000') in 0.000208 seconds
  ERROR: Build asset version error: assets/scripts/playbuttonhandler.cs in SourceAssetDB has modification time of '2021-07-29T13:04:45.6052567Z' while content on disk has modification time of '2021-07-29T13:06:45.1036865Z'
  Import took 0.001321 seconds .

========================================================================
Received Import Request.
  Time since last request: 0.109841 seconds.
  path: Assets/Scripts/PlayButtonHandler.cs
  artifactKey: Guid(2c3c41e80da5ec745a8312ae6bf149ff) Importer(815301076,1909f56bfc062723c751e8b465ee728b)
Start importing Assets/Scripts/PlayButtonHandler.cs using Guid(2c3c41e80da5ec745a8312ae6bf149ff) Importer(815301076,1909f56bfc062723c751e8b465ee728b)  -> (artifact id: '00000000000000000000000000000000') in 0.000204 seconds
  ERROR: Build asset version error: assets/scripts/playbuttonhandler.cs in SourceAssetDB has modification time of '2021-07-29T13:04:45.6052567Z' while content on disk has modification time of '2021-07-29T13:06:45.1036865Z'
  Import took 0.001324 seconds .

========================================================================
Received Import Request.
  Time since last request: 0.110195 seconds.
  path: Assets/Scripts/PlayButtonHandler.cs
  artifactKey: Guid(2c3c41e80da5ec745a8312ae6bf149ff) Importer(815301076,1909f56bfc062723c751e8b465ee728b)
Start importing Assets/Scripts/PlayButtonHandler.cs using Guid(2c3c41e80da5ec745a8312ae6bf149ff) Importer(815301076,1909f56bfc062723c751e8b465ee728b)  -> (artifact id: '00000000000000000000000000000000') in 0.000210 seconds
  ERROR: Build asset version error: assets/scripts/playbuttonhandler.cs in SourceAssetDB has modification time of '2021-07-29T13:04:45.6052567Z' while content on disk has modification time of '2021-07-29T13:06:45.1036865Z'
  Import took 0.001381 seconds .

========================================================================
Received Import Request.
  Time since last request: 0.109049 seconds.
  path: Assets/Scripts/PlayButtonHandler.cs
  artifactKey: Guid(2c3c41e80da5ec745a8312ae6bf149ff) Importer(815301076,1909f56bfc062723c751e8b465ee728b)
Start importing Assets/Scripts/PlayButtonHandler.cs using Guid(2c3c41e80da5ec745a8312ae6bf149ff) Importer(815301076,1909f56bfc062723c751e8b465ee728b)  -> (artifact id: '00000000000000000000000000000000') in 0.000221 seconds
  ERROR: Build asset version error: assets/scripts/playbuttonhandler.cs in SourceAssetDB has modification time of '2021-07-29T13:04:45.6052567Z' while content on disk has modification time of '2021-07-29T13:06:45.1036865Z'
  Import took 0.001351 seconds .

========================================================================
Received Import Request.
  Time since last request: 0.112085 seconds.
  path: Assets/Scripts/PlayButtonHandler.cs
  artifactKey: Guid(2c3c41e80da5ec745a8312ae6bf149ff) Importer(815301076,1909f56bfc062723c751e8b465ee728b)
Start importing Assets/Scripts/PlayButtonHandler.cs using Guid(2c3c41e80da5ec745a8312ae6bf149ff) Importer(815301076,1909f56bfc062723c751e8b465ee728b)  -> (artifact id: '00000000000000000000000000000000') in 0.000339 seconds
  ERROR: Build asset version error: assets/scripts/playbuttonhandler.cs in SourceAssetDB has modification time of '2021-07-29T13:04:45.6052567Z' while content on disk has modification time of '2021-07-29T13:06:45.1036865Z'
  Import took 0.001462 seconds .

========================================================================
Received Import Request.
  Time since last request: 0.107726 seconds.
  path: Assets/Scripts/PlayButtonHandler.cs
  artifactKey: Guid(2c3c41e80da5ec745a8312ae6bf149ff) Importer(815301076,1909f56bfc062723c751e8b465ee728b)
Start importing Assets/Scripts/PlayButtonHandler.cs using Guid(2c3c41e80da5ec745a8312ae6bf149ff) Importer(815301076,1909f56bfc062723c751e8b465ee728b)  -> (artifact id: '00000000000000000000000000000000') in 0.000227 seconds
  ERROR: Build asset version error: assets/scripts/playbuttonhandler.cs in SourceAssetDB has modification time of '2021-07-29T13:04:45.6052567Z' while content on disk has modification time of '2021-07-29T13:06:45.1036865Z'
  Import took 0.001401 seconds .

========================================================================
Received Import Request.
  Time since last request: 0.110042 seconds.
  path: Assets/Scripts/PlayButtonHandler.cs
  artifactKey: Guid(2c3c41e80da5ec745a8312ae6bf149ff) Importer(815301076,1909f56bfc062723c751e8b465ee728b)
Start importing Assets/Scripts/PlayButtonHandler.cs using Guid(2c3c41e80da5ec745a8312ae6bf149ff) Importer(815301076,1909f56bfc062723c751e8b465ee728b)  -> (artifact id: '00000000000000000000000000000000') in 0.000375 seconds
  ERROR: Build asset version error: assets/scripts/playbuttonhandler.cs in SourceAssetDB has modification time of '2021-07-29T13:04:45.6052567Z' while content on disk has modification time of '2021-07-29T13:06:45.1036865Z'
  Import took 0.001508 seconds .

========================================================================
Received Import Request.
  Time since last request: 0.125231 seconds.
  path: Assets/Scripts/PlayButtonHandler.cs
  artifactKey: Guid(2c3c41e80da5ec745a8312ae6bf149ff) Importer(815301076,1909f56bfc062723c751e8b465ee728b)
Start importing Assets/Scripts/PlayButtonHandler.cs using Guid(2c3c41e80da5ec745a8312ae6bf149ff) Importer(815301076,1909f56bfc062723c751e8b465ee728b)  -> (artifact id: '00000000000000000000000000000000') in 0.000227 seconds
  ERROR: Build asset version error: assets/scripts/playbuttonhandler.cs in SourceAssetDB has modification time of '2021-07-29T13:04:45.6052567Z' while content on disk has modification time of '2021-07-29T13:06:45.1036865Z'
  Import took 0.001346 seconds .

========================================================================
Received Import Request.
  Time since last request: 0.108497 seconds.
  path: Assets/Scripts/PlayButtonHandler.cs
  artifactKey: Guid(2c3c41e80da5ec745a8312ae6bf149ff) Importer(815301076,1909f56bfc062723c751e8b465ee728b)
Start importing Assets/Scripts/PlayButtonHandler.cs using Guid(2c3c41e80da5ec745a8312ae6bf149ff) Importer(815301076,1909f56bfc062723c751e8b465ee728b)  -> (artifact id: '00000000000000000000000000000000') in 0.000207 seconds
  ERROR: Build asset version error: assets/scripts/playbuttonhandler.cs in SourceAssetDB has modification time of '2021-07-29T13:04:45.6052567Z' while content on disk has modification time of '2021-07-29T13:06:45.1036865Z'
  Import took 0.001292 seconds .

========================================================================
Received Import Request.
  Time since last request: 0.108707 seconds.
  path: Assets/Scripts/PlayButtonHandler.cs
  artifactKey: Guid(2c3c41e80da5ec745a8312ae6bf149ff) Importer(815301076,1909f56bfc062723c751e8b465ee728b)
Start importing Assets/Scripts/PlayButtonHandler.cs using Guid(2c3c41e80da5ec745a8312ae6bf149ff) Importer(815301076,1909f56bfc062723c751e8b465ee728b)  -> (artifact id: '00000000000000000000000000000000') in 0.000202 seconds
  ERROR: Build asset version error: assets/scripts/playbuttonhandler.cs in SourceAssetDB has modification time of '2021-07-29T13:04:45.6052567Z' while content on disk has modification time of '2021-07-29T13:06:45.1036865Z'
  Import took 0.001316 seconds .

========================================================================
Received Import Request.
  Time since last request: 0.130715 seconds.
  path: Assets/Scripts/PlayButtonHandler.cs
  artifactKey: Guid(2c3c41e80da5ec745a8312ae6bf149ff) Importer(815301076,1909f56bfc062723c751e8b465ee728b)
Start importing Assets/Scripts/PlayButtonHandler.cs using Guid(2c3c41e80da5ec745a8312ae6bf149ff) Importer(815301076,1909f56bfc062723c751e8b465ee728b)  -> (artifact id: '00000000000000000000000000000000') in 0.000406 seconds
  ERROR: Build asset version error: assets/scripts/playbuttonhandler.cs in SourceAssetDB has modification time of '2021-07-29T13:04:45.6052567Z' while content on disk has modification time of '2021-07-29T13:06:45.1036865Z'
  Import took 0.002404 seconds .

========================================================================
Received Import Request.
  Time since last request: 0.015660 seconds.
  path: Assets/Scripts/PlayButtonHandler.cs
  artifactKey: Guid(2c3c41e80da5ec745a8312ae6bf149ff) Importer(815301076,1909f56bfc062723c751e8b465ee728b)
Start importing Assets/Scripts/PlayButtonHandler.cs using Guid(2c3c41e80da5ec745a8312ae6bf149ff) Importer(815301076,1909f56bfc062723c751e8b465ee728b)  -> (artifact id: '00000000000000000000000000000000') in 0.000224 seconds
  ERROR: Build asset version error: assets/scripts/playbuttonhandler.cs in SourceAssetDB has modification time of '2021-07-29T13:04:45.6052567Z' while content on disk has modification time of '2021-07-29T13:06:45.1036865Z'
  Import took 0.001505 seconds .

========================================================================
Received Import Request.
  Time since last request: 0.113943 seconds.
  path: Assets/Scripts/PlayButtonHandler.cs
  artifactKey: Guid(2c3c41e80da5ec745a8312ae6bf149ff) Importer(815301076,1909f56bfc062723c751e8b465ee728b)
Start importing Assets/Scripts/PlayButtonHandler.cs using Guid(2c3c41e80da5ec745a8312ae6bf149ff) Importer(815301076,1909f56bfc062723c751e8b465ee728b)  -> (artifact id: '00000000000000000000000000000000') in 0.000286 seconds
  ERROR: Build asset version error: assets/scripts/playbuttonhandler.cs in SourceAssetDB has modification time of '2021-07-29T13:04:45.6052567Z' while content on disk has modification time of '2021-07-29T13:06:45.1036865Z'
  Import took 0.001375 seconds .

========================================================================
Received Import Request.
  Time since last request: 0.108261 seconds.
  path: Assets/Scripts/PlayButtonHandler.cs
  artifactKey: Guid(2c3c41e80da5ec745a8312ae6bf149ff) Importer(815301076,1909f56bfc062723c751e8b465ee728b)
Start importing Assets/Scripts/PlayButtonHandler.cs using Guid(2c3c41e80da5ec745a8312ae6bf149ff) Importer(815301076,1909f56bfc062723c751e8b465ee728b)  -> (artifact id: '00000000000000000000000000000000') in 0.000240 seconds
  ERROR: Build asset version error: assets/scripts/playbuttonhandler.cs in SourceAssetDB has modification time of '2021-07-29T13:04:45.6052567Z' while content on disk has modification time of '2021-07-29T13:06:45.1036865Z'
  Import took 0.001414 seconds .

========================================================================
Received Import Request.
  Time since last request: 0.130360 seconds.
  path: Assets/Scripts/PlayButtonHandler.cs
  artifactKey: Guid(2c3c41e80da5ec745a8312ae6bf149ff) Importer(815301076,1909f56bfc062723c751e8b465ee728b)
Start importing Assets/Scripts/PlayButtonHandler.cs using Guid(2c3c41e80da5ec745a8312ae6bf149ff) Importer(815301076,1909f56bfc062723c751e8b465ee728b)  -> (artifact id: '00000000000000000000000000000000') in 0.000362 seconds
  ERROR: Build asset version error: assets/scripts/playbuttonhandler.cs in SourceAssetDB has modification time of '2021-07-29T13:04:45.6052567Z' while content on disk has modification time of '2021-07-29T13:06:45.1036865Z'
  Import took 0.001908 seconds .

========================================================================
Received Import Request.
  Time since last request: 0.110385 seconds.
  path: Assets/Scripts/PlayButtonHandler.cs
  artifactKey: Guid(2c3c41e80da5ec745a8312ae6bf149ff) Importer(815301076,1909f56bfc062723c751e8b465ee728b)
Start importing Assets/Scripts/PlayButtonHandler.cs using Guid(2c3c41e80da5ec745a8312ae6bf149ff) Importer(815301076,1909f56bfc062723c751e8b465ee728b)  -> (artifact id: '00000000000000000000000000000000') in 0.000225 seconds
  ERROR: Build asset version error: assets/scripts/playbuttonhandler.cs in SourceAssetDB has modification time of '2021-07-29T13:04:45.6052567Z' while content on disk has modification time of '2021-07-29T13:06:45.1036865Z'
  Import took 0.001315 seconds .

========================================================================
Received Import Request.
  Time since last request: 0.010438 seconds.
  path: Assets/Scripts/PlayButtonHandler.cs
  artifactKey: Guid(2c3c41e80da5ec745a8312ae6bf149ff) Importer(815301076,1909f56bfc062723c751e8b465ee728b)
Start importing Assets/Scripts/PlayButtonHandler.cs using Guid(2c3c41e80da5ec745a8312ae6bf149ff) Importer(815301076,1909f56bfc062723c751e8b465ee728b)  -> (artifact id: '00000000000000000000000000000000') in 0.000227 seconds
  ERROR: Build asset version error: assets/scripts/playbuttonhandler.cs in SourceAssetDB has modification time of '2021-07-29T13:04:45.6052567Z' while content on disk has modification time of '2021-07-29T13:06:45.1036865Z'
  Import took 0.001420 seconds .

========================================================================
Received Import Request.
  Time since last request: 0.107556 seconds.
  path: Assets/Scripts/PlayButtonHandler.cs
  artifactKey: Guid(2c3c41e80da5ec745a8312ae6bf149ff) Importer(815301076,1909f56bfc062723c751e8b465ee728b)
Start importing Assets/Scripts/PlayButtonHandler.cs using Guid(2c3c41e80da5ec745a8312ae6bf149ff) Importer(815301076,1909f56bfc062723c751e8b465ee728b)  -> (artifact id: '00000000000000000000000000000000') in 0.000205 seconds
  ERROR: Build asset version error: assets/scripts/playbuttonhandler.cs in SourceAssetDB has modification time of '2021-07-29T13:04:45.6052567Z' while content on disk has modification time of '2021-07-29T13:06:45.1036865Z'
  Import took 0.001293 seconds .

========================================================================
Received Import Request.
  Time since last request: 0.109347 seconds.
  path: Assets/Scripts/PlayButtonHandler.cs
  artifactKey: Guid(2c3c41e80da5ec745a8312ae6bf149ff) Importer(815301076,1909f56bfc062723c751e8b465ee728b)
Start importing Assets/Scripts/PlayButtonHandler.cs using Guid(2c3c41e80da5ec745a8312ae6bf149ff) Importer(815301076,1909f56bfc062723c751e8b465ee728b)  -> (artifact id: '00000000000000000000000000000000') in 0.000264 seconds
  ERROR: Build asset version error: assets/scripts/playbuttonhandler.cs in SourceAssetDB has modification time of '2021-07-29T13:04:45.6052567Z' while content on disk has modification time of '2021-07-29T13:06:45.1036865Z'
  Import took 0.001505 seconds .

========================================================================
Received Import Request.
  Time since last request: 0.109284 seconds.
  path: Assets/Scripts/PlayButtonHandler.cs
  artifactKey: Guid(2c3c41e80da5ec745a8312ae6bf149ff) Importer(815301076,1909f56bfc062723c751e8b465ee728b)
Start importing Assets/Scripts/PlayButtonHandler.cs using Guid(2c3c41e80da5ec745a8312ae6bf149ff) Importer(815301076,1909f56bfc062723c751e8b465ee728b)  -> (artifact id: '00000000000000000000000000000000') in 0.000205 seconds
  ERROR: Build asset version error: assets/scripts/playbuttonhandler.cs in SourceAssetDB has modification time of '2021-07-29T13:04:45.6052567Z' while content on disk has modification time of '2021-07-29T13:06:45.1036865Z'
  Import took 0.001278 seconds .

========================================================================
Received Import Request.
  Time since last request: 0.108600 seconds.
  path: Assets/Scripts/PlayButtonHandler.cs
  artifactKey: Guid(2c3c41e80da5ec745a8312ae6bf149ff) Importer(815301076,1909f56bfc062723c751e8b465ee728b)
Start importing Assets/Scripts/PlayButtonHandler.cs using Guid(2c3c41e80da5ec745a8312ae6bf149ff) Importer(815301076,1909f56bfc062723c751e8b465ee728b)  -> (artifact id: '00000000000000000000000000000000') in 0.000217 seconds
  ERROR: Build asset version error: assets/scripts/playbuttonhandler.cs in SourceAssetDB has modification time of '2021-07-29T13:04:45.6052567Z' while content on disk has modification time of '2021-07-29T13:06:45.1036865Z'
  Import took 0.001304 seconds .

========================================================================
Received Import Request.
  Time since last request: 0.109874 seconds.
  path: Assets/Scripts/PlayButtonHandler.cs
  artifactKey: Guid(2c3c41e80da5ec745a8312ae6bf149ff) Importer(815301076,1909f56bfc062723c751e8b465ee728b)
Start importing Assets/Scripts/PlayButtonHandler.cs using Guid(2c3c41e80da5ec745a8312ae6bf149ff) Importer(815301076,1909f56bfc062723c751e8b465ee728b)  -> (artifact id: '00000000000000000000000000000000') in 0.000196 seconds
  ERROR: Build asset version error: assets/scripts/playbuttonhandler.cs in SourceAssetDB has modification time of '2021-07-29T13:04:45.6052567Z' while content on disk has modification time of '2021-07-29T13:06:45.1036865Z'
  Import took 0.001262 seconds .

========================================================================
Received Import Request.
  Time since last request: 0.110069 seconds.
  path: Assets/Scripts/PlayButtonHandler.cs
  artifactKey: Guid(2c3c41e80da5ec745a8312ae6bf149ff) Importer(815301076,1909f56bfc062723c751e8b465ee728b)
Start importing Assets/Scripts/PlayButtonHandler.cs using Guid(2c3c41e80da5ec745a8312ae6bf149ff) Importer(815301076,1909f56bfc062723c751e8b465ee728b)  -> (artifact id: '00000000000000000000000000000000') in 0.000225 seconds
  ERROR: Build asset version error: assets/scripts/playbuttonhandler.cs in SourceAssetDB has modification time of '2021-07-29T13:04:45.6052567Z' while content on disk has modification time of '2021-07-29T13:06:45.1036865Z'
  Import took 0.001303 seconds .

========================================================================
Received Prepare
Registering precompiled user dll's ...
Registered in 0.000426 seconds.
Begin MonoManager ReloadAssembly
Native extension for WindowsStandalone target not found
Native extension for WebGL target not found
Refreshing native plugins compatible for Editor in 0.15 ms, found 0 plugins.
Preloading 0 native plugins for Editor in 0.00 ms.
Mono: successfully reloaded assembly
- Completed reload, in  0.581 seconds
Platform modules already initialized, skipping
Refreshing native plugins compatible for Editor in 0.14 ms, found 0 plugins.
Preloading 0 native plugins for Editor in 0.00 ms.
Unloading 1111 Unused Serialized files (Serialized files now loaded: 0)
System memory in use before: 57.5 MB.
System memory in use after: 57.6 MB.

Unloading 5 unused Assets to reduce memory usage. Loaded Objects now: 1579.
Total: 1.139400 ms (FindLiveObjects: 0.113900 ms CreateObjectMapping: 0.025300 ms MarkObjects: 0.967700 ms  DeleteObjects: 0.031700 ms)

========================================================================
Received Import Request.
  Time since last request: 2.604082 seconds.
  path: Assets/Scripts/PlayButtonHandler.cs
  artifactKey: Guid(2c3c41e80da5ec745a8312ae6bf149ff) Importer(815301076,1909f56bfc062723c751e8b465ee728b)
Start importing Assets/Scripts/PlayButtonHandler.cs using Guid(2c3c41e80da5ec745a8312ae6bf149ff) Importer(815301076,1909f56bfc062723c751e8b465ee728b)  -> (artifact id: 'df2af4433104096d332e75807643c2b5') in 0.003053 seconds
  Import took 0.006182 seconds .

========================================================================
Received Prepare
Registering precompiled user dll's ...
Registered in 0.000490 seconds.
Begin MonoManager ReloadAssembly
Native extension for WindowsStandalone target not found
Native extension for WebGL target not found
Refreshing native plugins compatible for Editor in 0.16 ms, found 0 plugins.
Preloading 0 native plugins for Editor in 0.00 ms.
Mono: successfully reloaded assembly
- Completed reload, in  0.607 seconds
Platform modules already initialized, skipping
Refreshing native plugins compatible for Editor in 0.15 ms, found 0 plugins.
Preloading 0 native plugins for Editor in 0.00 ms.
Unloading 1111 Unused Serialized files (Serialized files now loaded: 0)
System memory in use before: 57.5 MB.
System memory in use after: 57.6 MB.

Unloading 5 unused Assets to reduce memory usage. Loaded Objects now: 1582.
Total: 1.156200 ms (FindLiveObjects: 0.107900 ms CreateObjectMapping: 0.028100 ms MarkObjects: 0.987100 ms  DeleteObjects: 0.032200 ms)

========================================================================
Received Prepare
Registering precompiled user dll's ...
Registered in 0.000483 seconds.
Begin MonoManager ReloadAssembly
Native extension for WindowsStandalone target not found
Native extension for WebGL target not found
Refreshing native plugins compatible for Editor in 0.16 ms, found 0 plugins.
Preloading 0 native plugins for Editor in 0.00 ms.
Mono: successfully reloaded assembly
- Completed reload, in  0.570 seconds
Platform modules already initialized, skipping
Refreshing native plugins compatible for Editor in 0.14 ms, found 0 plugins.
Preloading 0 native plugins for Editor in 0.00 ms.
Unloading 1111 Unused Serialized files (Serialized files now loaded: 0)
System memory in use before: 57.5 MB.
System memory in use after: 57.6 MB.

Unloading 5 unused Assets to reduce memory usage. Loaded Objects now: 1585.
Total: 1.148000 ms (FindLiveObjects: 0.097500 ms CreateObjectMapping: 0.026300 ms MarkObjects: 0.988800 ms  DeleteObjects: 0.034500 ms)

========================================================================
Received Import Request.
  Time since last request: 164.349396 seconds.
  path: Assets/Scripts/PlayerManager.cs
  artifactKey: Guid(fc53a091f8d65cd418dbc12338e63ac8) Importer(815301076,1909f56bfc062723c751e8b465ee728b)
Start importing Assets/Scripts/PlayerManager.cs using Guid(fc53a091f8d65cd418dbc12338e63ac8) Importer(815301076,1909f56bfc062723c751e8b465ee728b)  -> (artifact id: 'd3a00db63fab3829dca022f6c58c81ba') in 0.008332 seconds
  Import took 0.010019 seconds .

========================================================================
Received Import Request.
  Time since last request: 0.005376 seconds.
  path: Assets/Scripts/PlayerManager.cs
  artifactKey: Guid(fc53a091f8d65cd418dbc12338e63ac8) Importer(815301076,1909f56bfc062723c751e8b465ee728b)
Start importing Assets/Scripts/PlayerManager.cs using Guid(fc53a091f8d65cd418dbc12338e63ac8) Importer(815301076,1909f56bfc062723c751e8b465ee728b)  -> (artifact id: 'd3a00db63fab3829dca022f6c58c81ba') in 0.001834 seconds
  Import took 0.003500 seconds .

========================================================================
Received Prepare
Registering precompiled user dll's ...
Registered in 0.000401 seconds.
Begin MonoManager ReloadAssembly
Native extension for WindowsStandalone target not found
Native extension for WebGL target not found
Refreshing native plugins compatible for Editor in 0.15 ms, found 0 plugins.
Preloading 0 native plugins for Editor in 0.00 ms.
Mono: successfully reloaded assembly
- Completed reload, in  0.590 seconds
Platform modules already initialized, skipping
Refreshing native plugins compatible for Editor in 0.16 ms, found 0 plugins.
Preloading 0 native plugins for Editor in 0.00 ms.
Unloading 1112 Unused Serialized files (Serialized files now loaded: 0)
System memory in use before: 57.6 MB.
System memory in use after: 57.6 MB.

Unloading 5 unused Assets to reduce memory usage. Loaded Objects now: 1589.
Total: 1.107800 ms (FindLiveObjects: 0.102800 ms CreateObjectMapping: 0.027400 ms MarkObjects: 0.945700 ms  DeleteObjects: 0.031200 ms)

========================================================================
Received Prepare
Registering precompiled user dll's ...
Registered in 0.000454 seconds.
Begin MonoManager ReloadAssembly
Native extension for WindowsStandalone target not found
Native extension for WebGL target not found
Refreshing native plugins compatible for Editor in 0.16 ms, found 0 plugins.
Preloading 0 native plugins for Editor in 0.00 ms.
Mono: successfully reloaded assembly
- Completed reload, in  0.567 seconds
Platform modules already initialized, skipping
Refreshing native plugins compatible for Editor in 0.15 ms, found 0 plugins.
Preloading 0 native plugins for Editor in 0.00 ms.
Unloading 1112 Unused Serialized files (Serialized files now loaded: 0)
System memory in use before: 57.6 MB.
System memory in use after: 57.7 MB.

Unloading 5 unused Assets to reduce memory usage. Loaded Objects now: 1592.
Total: 1.112300 ms (FindLiveObjects: 0.096600 ms CreateObjectMapping: 0.025700 ms MarkObjects: 0.956900 ms  DeleteObjects: 0.032200 ms)

========================================================================
Received Import Request.
  Time since last request: 45.481254 seconds.
  path: Assets/Scripts/PlayerManager.cs
  artifactKey: Guid(fc53a091f8d65cd418dbc12338e63ac8) Importer(815301076,1909f56bfc062723c751e8b465ee728b)
Start importing Assets/Scripts/PlayerManager.cs using Guid(fc53a091f8d65cd418dbc12338e63ac8) Importer(815301076,1909f56bfc062723c751e8b465ee728b)  -> (artifact id: 'fe711e95edbe1b70ac6ba6d0d34cdeb0') in 0.003068 seconds
  Import took 0.004469 seconds .

========================================================================
Received Prepare
Registering precompiled user dll's ...
Registered in 0.000453 seconds.
Begin MonoManager ReloadAssembly
Native extension for WindowsStandalone target not found
Native extension for WebGL target not found
Refreshing native plugins compatible for Editor in 0.16 ms, found 0 plugins.
Preloading 0 native plugins for Editor in 0.00 ms.
Mono: successfully reloaded assembly
- Completed reload, in  0.580 seconds
Platform modules already initialized, skipping
Refreshing native plugins compatible for Editor in 0.15 ms, found 0 plugins.
Preloading 0 native plugins for Editor in 0.00 ms.
Unloading 1112 Unused Serialized files (Serialized files now loaded: 0)
System memory in use before: 57.6 MB.
System memory in use after: 57.7 MB.

Unloading 5 unused Assets to reduce memory usage. Loaded Objects now: 1595.
Total: 1.178200 ms (FindLiveObjects: 0.101700 ms CreateObjectMapping: 0.026400 ms MarkObjects: 1.018000 ms  DeleteObjects: 0.031200 ms)

========================================================================
Received Import Request.
  Time since last request: 15.073379 seconds.
  path: Assets/Scripts/PlayerManager.cs
  artifactKey: Guid(fc53a091f8d65cd418dbc12338e63ac8) Importer(815301076,1909f56bfc062723c751e8b465ee728b)
Start importing Assets/Scripts/PlayerManager.cs using Guid(fc53a091f8d65cd418dbc12338e63ac8) Importer(815301076,1909f56bfc062723c751e8b465ee728b)  -> (artifact id: 'e3995bc229d9ab68a091a20fd1abc044') in 0.003038 seconds
  Import took 0.004627 seconds .

========================================================================
Received Prepare
Registering precompiled user dll's ...
Registered in 0.000425 seconds.
Begin MonoManager ReloadAssembly
Native extension for WindowsStandalone target not found
Native extension for WebGL target not found
Refreshing native plugins compatible for Editor in 0.15 ms, found 0 plugins.
Preloading 0 native plugins for Editor in 0.00 ms.
Mono: successfully reloaded assembly
- Completed reload, in  0.564 seconds
Platform modules already initialized, skipping
Refreshing native plugins compatible for Editor in 0.14 ms, found 0 plugins.
Preloading 0 native plugins for Editor in 0.00 ms.
Unloading 1112 Unused Serialized files (Serialized files now loaded: 0)
System memory in use before: 57.6 MB.
System memory in use after: 57.7 MB.

Unloading 5 unused Assets to reduce memory usage. Loaded Objects now: 1598.
Total: 1.197200 ms (FindLiveObjects: 0.104000 ms CreateObjectMapping: 0.028400 ms MarkObjects: 1.033300 ms  DeleteObjects: 0.030900 ms)

========================================================================
Received Import Request.
  Time since last request: 23.603794 seconds.
  path: Assets/Scripts/PlayerManager.cs
  artifactKey: Guid(fc53a091f8d65cd418dbc12338e63ac8) Importer(815301076,1909f56bfc062723c751e8b465ee728b)
Start importing Assets/Scripts/PlayerManager.cs using Guid(fc53a091f8d65cd418dbc12338e63ac8) Importer(815301076,1909f56bfc062723c751e8b465ee728b)  -> (artifact id: '4ec3016fc1c49ee622e47bbbcca45a96') in 0.002962 seconds
  Import took 0.005827 seconds .

========================================================================
Received Prepare
Registering precompiled user dll's ...
Registered in 0.000443 seconds.
Begin MonoManager ReloadAssembly
Native extension for WindowsStandalone target not found
Native extension for WebGL target not found
Refreshing native plugins compatible for Editor in 0.15 ms, found 0 plugins.
Preloading 0 native plugins for Editor in 0.00 ms.
Mono: successfully reloaded assembly
- Completed reload, in  0.576 seconds
Platform modules already initialized, skipping
Refreshing native plugins compatible for Editor in 0.15 ms, found 0 plugins.
Preloading 0 native plugins for Editor in 0.00 ms.
Unloading 1112 Unused Serialized files (Serialized files now loaded: 0)
System memory in use before: 57.6 MB.
System memory in use after: 57.7 MB.

Unloading 5 unused Assets to reduce memory usage. Loaded Objects now: 1601.
Total: 1.309700 ms (FindLiveObjects: 0.172400 ms CreateObjectMapping: 0.066400 ms MarkObjects: 1.036300 ms  DeleteObjects: 0.033500 ms)

========================================================================
Received Import Request.
  Time since last request: 89.065279 seconds.
  path: Assets/Scripts/PlayerManager.cs
  artifactKey: Guid(fc53a091f8d65cd418dbc12338e63ac8) Importer(815301076,1909f56bfc062723c751e8b465ee728b)
Start importing Assets/Scripts/PlayerManager.cs using Guid(fc53a091f8d65cd418dbc12338e63ac8) Importer(815301076,1909f56bfc062723c751e8b465ee728b)  -> (artifact id: 'abfdce9623e7f13dce9da0717d218051') in 0.004746 seconds
  Import took 0.006165 seconds .

========================================================================
Received Prepare
Registering precompiled user dll's ...
Registered in 0.000446 seconds.
Begin MonoManager ReloadAssembly
Native extension for WindowsStandalone target not found
Native extension for WebGL target not found
Refreshing native plugins compatible for Editor in 0.16 ms, found 0 plugins.
Preloading 0 native plugins for Editor in 0.00 ms.
Mono: successfully reloaded assembly
- Completed reload, in  0.574 seconds
Platform modules already initialized, skipping
Refreshing native plugins compatible for Editor in 0.15 ms, found 0 plugins.
Preloading 0 native plugins for Editor in 0.00 ms.
Unloading 1112 Unused Serialized files (Serialized files now loaded: 0)
System memory in use before: 57.6 MB.
System memory in use after: 57.7 MB.

Unloading 5 unused Assets to reduce memory usage. Loaded Objects now: 1604.
Total: 1.096700 ms (FindLiveObjects: 0.090800 ms CreateObjectMapping: 0.024600 ms MarkObjects: 0.949100 ms  DeleteObjects: 0.031200 ms)

========================================================================
Received Prepare
Registering precompiled user dll's ...
Registered in 0.000443 seconds.
Begin MonoManager ReloadAssembly
Native extension for WindowsStandalone target not found
Native extension for WebGL target not found
Refreshing native plugins compatible for Editor in 0.15 ms, found 0 plugins.
Preloading 0 native plugins for Editor in 0.00 ms.
Mono: successfully reloaded assembly
- Completed reload, in  0.573 seconds
Platform modules already initialized, skipping
Refreshing native plugins compatible for Editor in 0.16 ms, found 0 plugins.
Preloading 0 native plugins for Editor in 0.00 ms.
Unloading 1112 Unused Serialized files (Serialized files now loaded: 0)
System memory in use before: 57.6 MB.
System memory in use after: 57.7 MB.

Unloading 5 unused Assets to reduce memory usage. Loaded Objects now: 1607.
Total: 1.259600 ms (FindLiveObjects: 0.165700 ms CreateObjectMapping: 0.037500 ms MarkObjects: 1.017400 ms  DeleteObjects: 0.037900 ms)

========================================================================
Received Prepare
Registering precompiled user dll's ...
Registered in 0.000410 seconds.
Begin MonoManager ReloadAssembly
Native extension for WindowsStandalone target not found
Native extension for WebGL target not found
Refreshing native plugins compatible for Editor in 0.15 ms, found 0 plugins.
Preloading 0 native plugins for Editor in 0.00 ms.
Mono: successfully reloaded assembly
- Completed reload, in  0.588 seconds
Platform modules already initialized, skipping
Refreshing native plugins compatible for Editor in 0.15 ms, found 0 plugins.
Preloading 0 native plugins for Editor in 0.00 ms.
Unloading 1112 Unused Serialized files (Serialized files now loaded: 0)
System memory in use before: 57.6 MB.
System memory in use after: 57.7 MB.

Unloading 5 unused Assets to reduce memory usage. Loaded Objects now: 1610.
Total: 1.237500 ms (FindLiveObjects: 0.102400 ms CreateObjectMapping: 0.025800 ms MarkObjects: 1.072900 ms  DeleteObjects: 0.035600 ms)

========================================================================
Received Import Request.
  Time since last request: 149.285970 seconds.
  path: Assets/Scripts/PlayerManager.cs
  artifactKey: Guid(fc53a091f8d65cd418dbc12338e63ac8) Importer(815301076,1909f56bfc062723c751e8b465ee728b)
Start importing Assets/Scripts/PlayerManager.cs using Guid(fc53a091f8d65cd418dbc12338e63ac8) Importer(815301076,1909f56bfc062723c751e8b465ee728b)  -> (artifact id: '53fb5f923ba4bdac0b5ad704861398dc') in 0.004746 seconds
  Import took 0.007688 seconds .

========================================================================
Received Prepare
Registering precompiled user dll's ...
Registered in 0.000444 seconds.
Begin MonoManager ReloadAssembly
Native extension for WindowsStandalone target not found
Native extension for WebGL target not found
Refreshing native plugins compatible for Editor in 0.15 ms, found 0 plugins.
Preloading 0 native plugins for Editor in 0.00 ms.
Mono: successfully reloaded assembly
- Completed reload, in  0.568 seconds
Platform modules already initialized, skipping
Refreshing native plugins compatible for Editor in 0.15 ms, found 0 plugins.
Preloading 0 native plugins for Editor in 0.00 ms.
Unloading 1112 Unused Serialized files (Serialized files now loaded: 0)
System memory in use before: 57.6 MB.
System memory in use after: 57.7 MB.

Unloading 5 unused Assets to reduce memory usage. Loaded Objects now: 1613.
Total: 1.123100 ms (FindLiveObjects: 0.092700 ms CreateObjectMapping: 0.025800 ms MarkObjects: 0.976500 ms  DeleteObjects: 0.027600 ms)

========================================================================
Received Prepare
Registering precompiled user dll's ...
Registered in 0.000456 seconds.
Begin MonoManager ReloadAssembly
Native extension for WindowsStandalone target not found
Native extension for WebGL target not found
Refreshing native plugins compatible for Editor in 0.15 ms, found 0 plugins.
Preloading 0 native plugins for Editor in 0.00 ms.
Mono: successfully reloaded assembly
- Completed reload, in  0.565 seconds
Platform modules already initialized, skipping
Refreshing native plugins compatible for Editor in 0.15 ms, found 0 plugins.
Preloading 0 native plugins for Editor in 0.00 ms.
Unloading 1112 Unused Serialized files (Serialized files now loaded: 0)
System memory in use before: 57.6 MB.
System memory in use after: 57.7 MB.

Unloading 5 unused Assets to reduce memory usage. Loaded Objects now: 1616.
Total: 1.275200 ms (FindLiveObjects: 0.088000 ms CreateObjectMapping: 0.024200 ms MarkObjects: 1.131300 ms  DeleteObjects: 0.030800 ms)

========================================================================
Received Import Request.
  Time since last request: 72.481816 seconds.
  path: Assets/Scripts/PlayerManager.cs
  artifactKey: Guid(fc53a091f8d65cd418dbc12338e63ac8) Importer(815301076,1909f56bfc062723c751e8b465ee728b)
Start importing Assets/Scripts/PlayerManager.cs using Guid(fc53a091f8d65cd418dbc12338e63ac8) Importer(815301076,1909f56bfc062723c751e8b465ee728b)  -> (artifact id: '2a6e30f3ed9746a68fcfea462ddea5a4') in 0.003223 seconds
  Import took 0.006227 seconds .

========================================================================
Received Import Request.
  Time since last request: 0.000608 seconds.
  path: Assets/Scripts/PlayerManager.cs
  artifactKey: Guid(fc53a091f8d65cd418dbc12338e63ac8) Importer(815301076,1909f56bfc062723c751e8b465ee728b)
Start importing Assets/Scripts/PlayerManager.cs using Guid(fc53a091f8d65cd418dbc12338e63ac8) Importer(815301076,1909f56bfc062723c751e8b465ee728b)  -> (artifact id: '2a6e30f3ed9746a68fcfea462ddea5a4') in 0.001584 seconds
  Import took 0.002793 seconds .

========================================================================
Received Import Request.
  Time since last request: 42.333666 seconds.
  path: Assets/Scripts/PlayerManager.cs
  artifactKey: Guid(fc53a091f8d65cd418dbc12338e63ac8) Importer(815301076,1909f56bfc062723c751e8b465ee728b)
Start importing Assets/Scripts/PlayerManager.cs using Guid(fc53a091f8d65cd418dbc12338e63ac8) Importer(815301076,1909f56bfc062723c751e8b465ee728b)  -> (artifact id: '1033985abd86ef55171b49e42ebe0f55') in 0.001656 seconds
  Import took 0.004501 seconds .

========================================================================
Received Import Request.
  Time since last request: 0.000550 seconds.
  path: Assets/Scripts/PlayerManager.cs
  artifactKey: Guid(fc53a091f8d65cd418dbc12338e63ac8) Importer(815301076,1909f56bfc062723c751e8b465ee728b)
Start importing Assets/Scripts/PlayerManager.cs using Guid(fc53a091f8d65cd418dbc12338e63ac8) Importer(815301076,1909f56bfc062723c751e8b465ee728b)  -> (artifact id: '1033985abd86ef55171b49e42ebe0f55') in 0.001655 seconds
  Import took 0.002884 seconds .

========================================================================
Received Import Request.
  Time since last request: 0.826107 seconds.
  path: Assets/Scripts/PlayButtonHandler.cs
  artifactKey: Guid(2c3c41e80da5ec745a8312ae6bf149ff) Importer(815301076,1909f56bfc062723c751e8b465ee728b)
Start importing Assets/Scripts/PlayButtonHandler.cs using Guid(2c3c41e80da5ec745a8312ae6bf149ff) Importer(815301076,1909f56bfc062723c751e8b465ee728b)  -> (artifact id: 'b20a5ff211843a9b5837c8ee01b574b6') in 0.001708 seconds
  Import took 0.003002 seconds .

========================================================================
Received Prepare
Registering precompiled user dll's ...
Registered in 0.000453 seconds.
Begin MonoManager ReloadAssembly
Native extension for WindowsStandalone target not found
Native extension for WebGL target not found
Refreshing native plugins compatible for Editor in 0.15 ms, found 0 plugins.
Preloading 0 native plugins for Editor in 0.00 ms.
Mono: successfully reloaded assembly
- Completed reload, in  0.589 seconds
Platform modules already initialized, skipping
Refreshing native plugins compatible for Editor in 0.15 ms, found 0 plugins.
Preloading 0 native plugins for Editor in 0.00 ms.
Unloading 1112 Unused Serialized files (Serialized files now loaded: 0)
System memory in use before: 57.6 MB.
System memory in use after: 57.7 MB.

Unloading 5 unused Assets to reduce memory usage. Loaded Objects now: 1619.
Total: 1.286700 ms (FindLiveObjects: 0.115800 ms CreateObjectMapping: 0.027000 ms MarkObjects: 1.110100 ms  DeleteObjects: 0.033000 ms)

========================================================================
Received Prepare
Registering precompiled user dll's ...
Registered in 0.000447 seconds.
Begin MonoManager ReloadAssembly
Native extension for WindowsStandalone target not found
Native extension for WebGL target not found
Refreshing native plugins compatible for Editor in 0.15 ms, found 0 plugins.
Preloading 0 native plugins for Editor in 0.00 ms.
Mono: successfully reloaded assembly
- Completed reload, in  0.573 seconds
Platform modules already initialized, skipping
Refreshing native plugins compatible for Editor in 0.15 ms, found 0 plugins.
Preloading 0 native plugins for Editor in 0.00 ms.
Unloading 1112 Unused Serialized files (Serialized files now loaded: 0)
System memory in use before: 57.6 MB.
System memory in use after: 57.7 MB.

Unloading 5 unused Assets to reduce memory usage. Loaded Objects now: 1622.
Total: 1.122900 ms (FindLiveObjects: 0.113600 ms CreateObjectMapping: 0.026900 ms MarkObjects: 0.951000 ms  DeleteObjects: 0.030600 ms)

========================================================================
Received Import Request.
  Time since last request: 409.372393 seconds.
  path: Assets/Scripts/GameManager.cs
  artifactKey: Guid(92585da13fccb214486ef5167e3a0fba) Importer(815301076,1909f56bfc062723c751e8b465ee728b)
Start importing Assets/Scripts/GameManager.cs using Guid(92585da13fccb214486ef5167e3a0fba) Importer(815301076,1909f56bfc062723c751e8b465ee728b)  -> (artifact id: 'ef9ae8b9db2a37763bf63acfa8b2a36d') in 0.007038 seconds
  Import took 0.009091 seconds .

========================================================================
Received Import Request.
  Time since last request: 0.004725 seconds.
  path: Assets/Scripts/GameManager.cs
  artifactKey: Guid(92585da13fccb214486ef5167e3a0fba) Importer(815301076,1909f56bfc062723c751e8b465ee728b)
Start importing Assets/Scripts/GameManager.cs using Guid(92585da13fccb214486ef5167e3a0fba) Importer(815301076,1909f56bfc062723c751e8b465ee728b)  -> (artifact id: 'ef9ae8b9db2a37763bf63acfa8b2a36d') in 0.002092 seconds
  Import took 0.003840 seconds .

========================================================================
Received Prepare
Registering precompiled user dll's ...
Registered in 0.000456 seconds.
Begin MonoManager ReloadAssembly
Native extension for WindowsStandalone target not found
Native extension for WebGL target not found
Refreshing native plugins compatible for Editor in 0.15 ms, found 0 plugins.
Preloading 0 native plugins for Editor in 0.00 ms.
Mono: successfully reloaded assembly
- Completed reload, in  0.568 seconds
Platform modules already initialized, skipping
Refreshing native plugins compatible for Editor in 0.15 ms, found 0 plugins.
Preloading 0 native plugins for Editor in 0.00 ms.
Unloading 1113 Unused Serialized files (Serialized files now loaded: 0)
System memory in use before: 57.7 MB.
System memory in use after: 57.8 MB.

Unloading 5 unused Assets to reduce memory usage. Loaded Objects now: 1626.
Total: 1.265900 ms (FindLiveObjects: 0.166200 ms CreateObjectMapping: 0.038700 ms MarkObjects: 1.022900 ms  DeleteObjects: 0.037200 ms)

========================================================================
Received Prepare
Registering precompiled user dll's ...
Registered in 0.000458 seconds.
Begin MonoManager ReloadAssembly
Native extension for WindowsStandalone target not found
Native extension for WebGL target not found
Refreshing native plugins compatible for Editor in 0.15 ms, found 0 plugins.
Preloading 0 native plugins for Editor in 0.00 ms.
Mono: successfully reloaded assembly
- Completed reload, in  0.569 seconds
Platform modules already initialized, skipping
Refreshing native plugins compatible for Editor in 0.15 ms, found 0 plugins.
Preloading 0 native plugins for Editor in 0.00 ms.
Unloading 1113 Unused Serialized files (Serialized files now loaded: 0)
System memory in use before: 57.7 MB.
System memory in use after: 57.8 MB.

Unloading 5 unused Assets to reduce memory usage. Loaded Objects now: 1629.
Total: 1.316300 ms (FindLiveObjects: 0.101600 ms CreateObjectMapping: 0.027400 ms MarkObjects: 1.151500 ms  DeleteObjects: 0.035200 ms)

========================================================================
Received Prepare
Registering precompiled user dll's ...
Registered in 0.000453 seconds.
Begin MonoManager ReloadAssembly
Native extension for WindowsStandalone target not found
Native extension for WebGL target not found
Refreshing native plugins compatible for Editor in 0.16 ms, found 0 plugins.
Preloading 0 native plugins for Editor in 0.00 ms.
Mono: successfully reloaded assembly
- Completed reload, in  0.562 seconds
Platform modules already initialized, skipping
Refreshing native plugins compatible for Editor in 0.15 ms, found 0 plugins.
Preloading 0 native plugins for Editor in 0.00 ms.
Unloading 1113 Unused Serialized files (Serialized files now loaded: 0)
System memory in use before: 57.7 MB.
System memory in use after: 57.8 MB.

Unloading 5 unused Assets to reduce memory usage. Loaded Objects now: 1632.
Total: 1.393600 ms (FindLiveObjects: 0.193700 ms CreateObjectMapping: 0.040800 ms MarkObjects: 1.121800 ms  DeleteObjects: 0.036400 ms)

========================================================================
Received Prepare
Registering precompiled user dll's ...
Registered in 0.000469 seconds.
Begin MonoManager ReloadAssembly
Native extension for WindowsStandalone target not found
Native extension for WebGL target not found
Refreshing native plugins compatible for Editor in 0.16 ms, found 0 plugins.
Preloading 0 native plugins for Editor in 0.00 ms.
Mono: successfully reloaded assembly
- Completed reload, in  0.566 seconds
Platform modules already initialized, skipping
Refreshing native plugins compatible for Editor in 0.15 ms, found 0 plugins.
Preloading 0 native plugins for Editor in 0.00 ms.
Unloading 1113 Unused Serialized files (Serialized files now loaded: 0)
System memory in use before: 57.7 MB.
System memory in use after: 57.8 MB.

Unloading 5 unused Assets to reduce memory usage. Loaded Objects now: 1635.
Total: 1.215800 ms (FindLiveObjects: 0.101400 ms CreateObjectMapping: 0.028800 ms MarkObjects: 1.051400 ms  DeleteObjects: 0.033300 ms)

========================================================================
Received Prepare
Registering precompiled user dll's ...
Registered in 0.000504 seconds.
Begin MonoManager ReloadAssembly
Native extension for WindowsStandalone target not found
Native extension for WebGL target not found
Refreshing native plugins compatible for Editor in 0.15 ms, found 0 plugins.
Preloading 0 native plugins for Editor in 0.00 ms.
Mono: successfully reloaded assembly
- Completed reload, in  0.577 seconds
Platform modules already initialized, skipping
Refreshing native plugins compatible for Editor in 0.15 ms, found 0 plugins.
Preloading 0 native plugins for Editor in 0.00 ms.
Unloading 1113 Unused Serialized files (Serialized files now loaded: 0)
System memory in use before: 57.7 MB.
System memory in use after: 57.8 MB.

Unloading 5 unused Assets to reduce memory usage. Loaded Objects now: 1638.
Total: 1.204900 ms (FindLiveObjects: 0.120300 ms CreateObjectMapping: 0.027900 ms MarkObjects: 1.022500 ms  DeleteObjects: 0.033400 ms)

========================================================================
Received Prepare
Registering precompiled user dll's ...
Registered in 0.000554 seconds.
Begin MonoManager ReloadAssembly
Native extension for WindowsStandalone target not found
Native extension for WebGL target not found
Refreshing native plugins compatible for Editor in 0.16 ms, found 0 plugins.
Preloading 0 native plugins for Editor in 0.00 ms.
Mono: successfully reloaded assembly
- Completed reload, in  0.580 seconds
Platform modules already initialized, skipping
Refreshing native plugins compatible for Editor in 0.15 ms, found 0 plugins.
Preloading 0 native plugins for Editor in 0.00 ms.
Unloading 1113 Unused Serialized files (Serialized files now loaded: 0)
System memory in use before: 57.7 MB.
System memory in use after: 57.8 MB.

Unloading 5 unused Assets to reduce memory usage. Loaded Objects now: 1641.
Total: 1.416700 ms (FindLiveObjects: 0.111200 ms CreateObjectMapping: 0.026000 ms MarkObjects: 1.244900 ms  DeleteObjects: 0.033800 ms)

========================================================================
Received Prepare
Registering precompiled user dll's ...
Registered in 0.000416 seconds.
Begin MonoManager ReloadAssembly
Native extension for WindowsStandalone target not found
Native extension for WebGL target not found
Refreshing native plugins compatible for Editor in 0.16 ms, found 0 plugins.
Preloading 0 native plugins for Editor in 0.00 ms.
Mono: successfully reloaded assembly
- Completed reload, in  0.582 seconds
Platform modules already initialized, skipping
Refreshing native plugins compatible for Editor in 0.15 ms, found 0 plugins.
Preloading 0 native plugins for Editor in 0.00 ms.
Unloading 1113 Unused Serialized files (Serialized files now loaded: 0)
System memory in use before: 57.7 MB.
System memory in use after: 57.8 MB.

Unloading 5 unused Assets to reduce memory usage. Loaded Objects now: 1644.
Total: 1.175000 ms (FindLiveObjects: 0.104400 ms CreateObjectMapping: 0.027700 ms MarkObjects: 1.010000 ms  DeleteObjects: 0.032300 ms)

========================================================================
Received Prepare
Registering precompiled user dll's ...
Registered in 0.000457 seconds.
Begin MonoManager ReloadAssembly
Native extension for WindowsStandalone target not found
Native extension for WebGL target not found
Refreshing native plugins compatible for Editor in 0.16 ms, found 0 plugins.
Preloading 0 native plugins for Editor in 0.00 ms.
Mono: successfully reloaded assembly
- Completed reload, in  0.574 seconds
Platform modules already initialized, skipping
Refreshing native plugins compatible for Editor in 0.15 ms, found 0 plugins.
Preloading 0 native plugins for Editor in 0.00 ms.
Unloading 1113 Unused Serialized files (Serialized files now loaded: 0)
System memory in use before: 57.7 MB.
System memory in use after: 57.8 MB.

Unloading 5 unused Assets to reduce memory usage. Loaded Objects now: 1647.
Total: 1.195300 ms (FindLiveObjects: 0.116700 ms CreateObjectMapping: 0.032900 ms MarkObjects: 1.011800 ms  DeleteObjects: 0.033300 ms)

========================================================================
Received Import Request.
  Time since last request: 470.955160 seconds.
  path: Assets/Scenes/SampleScene.unity
  artifactKey: Guid(9fc0d4010bbf28b4594072e72b8655ab) Importer(815301076,1909f56bfc062723c751e8b465ee728b)
Start importing Assets/Scenes/SampleScene.unity using Guid(9fc0d4010bbf28b4594072e72b8655ab) Importer(815301076,1909f56bfc062723c751e8b465ee728b)  -> (artifact id: '66b93ffa069d97eee946bd1008c7b37d') in 0.011510 seconds
  Import took 0.013014 seconds .

========================================================================
Received Import Request.
  Time since last request: 8.530532 seconds.
  path: Assets/Scenes/Main.unity
  artifactKey: Guid(79ae647533d875c43ba3e8b84bd6d1db) Importer(815301076,1909f56bfc062723c751e8b465ee728b)
Start importing Assets/Scenes/Main.unity using Guid(79ae647533d875c43ba3e8b84bd6d1db) Importer(815301076,1909f56bfc062723c751e8b465ee728b)  -> (artifact id: 'c71e2962034fa463ab7b76c9281e0f9d') in 0.001962 seconds
  Import took 0.004924 seconds .

========================================================================
Received Prepare
Registering precompiled user dll's ...
Registered in 0.000464 seconds.
Begin MonoManager ReloadAssembly
Native extension for WindowsStandalone target not found
Native extension for WebGL target not found
Refreshing native plugins compatible for Editor in 0.17 ms, found 0 plugins.
Preloading 0 native plugins for Editor in 0.00 ms.
Mono: successfully reloaded assembly
- Completed reload, in  0.561 seconds
Platform modules already initialized, skipping
Refreshing native plugins compatible for Editor in 0.15 ms, found 0 plugins.
Preloading 0 native plugins for Editor in 0.00 ms.
Unloading 1113 Unused Serialized files (Serialized files now loaded: 0)
System memory in use before: 57.7 MB.
System memory in use after: 57.8 MB.

Unloading 5 unused Assets to reduce memory usage. Loaded Objects now: 1650.
Total: 1.219200 ms (FindLiveObjects: 0.131000 ms CreateObjectMapping: 0.031500 ms MarkObjects: 1.024000 ms  DeleteObjects: 0.031900 ms)

========================================================================
Received Prepare
Registering precompiled user dll's ...
Registered in 0.000502 seconds.
Begin MonoManager ReloadAssembly
Native extension for WindowsStandalone target not found
Native extension for WebGL target not found
Refreshing native plugins compatible for Editor in 0.15 ms, found 0 plugins.
Preloading 0 native plugins for Editor in 0.00 ms.
Mono: successfully reloaded assembly
- Completed reload, in  0.569 seconds
Platform modules already initialized, skipping
Refreshing native plugins compatible for Editor in 0.14 ms, found 0 plugins.
Preloading 0 native plugins for Editor in 0.00 ms.
Unloading 1113 Unused Serialized files (Serialized files now loaded: 0)
System memory in use before: 57.7 MB.
System memory in use after: 57.8 MB.

Unloading 5 unused Assets to reduce memory usage. Loaded Objects now: 1653.
Total: 1.360700 ms (FindLiveObjects: 0.111400 ms CreateObjectMapping: 0.027000 ms MarkObjects: 1.189100 ms  DeleteObjects: 0.032500 ms)

========================================================================
Received Prepare
Registering precompiled user dll's ...
Registered in 0.000458 seconds.
Begin MonoManager ReloadAssembly
Native extension for WindowsStandalone target not found
Native extension for WebGL target not found
Refreshing native plugins compatible for Editor in 0.15 ms, found 0 plugins.
Preloading 0 native plugins for Editor in 0.00 ms.
Mono: successfully reloaded assembly
- Completed reload, in  0.580 seconds
Platform modules already initialized, skipping
Refreshing native plugins compatible for Editor in 0.15 ms, found 0 plugins.
Preloading 0 native plugins for Editor in 0.00 ms.
Unloading 1113 Unused Serialized files (Serialized files now loaded: 0)
System memory in use before: 57.7 MB.
System memory in use after: 57.8 MB.

Unloading 5 unused Assets to reduce memory usage. Loaded Objects now: 1656.
Total: 1.143000 ms (FindLiveObjects: 0.109100 ms CreateObjectMapping: 0.029800 ms MarkObjects: 0.971800 ms  DeleteObjects: 0.031500 ms)

========================================================================
Received Prepare
Registering precompiled user dll's ...
Registered in 0.000424 seconds.
Begin MonoManager ReloadAssembly
Native extension for WindowsStandalone target not found
Native extension for WebGL target not found
Refreshing native plugins compatible for Editor in 0.17 ms, found 0 plugins.
Preloading 0 native plugins for Editor in 0.00 ms.
Mono: successfully reloaded assembly
- Completed reload, in  0.562 seconds
Platform modules already initialized, skipping
Refreshing native plugins compatible for Editor in 0.16 ms, found 0 plugins.
Preloading 0 native plugins for Editor in 0.00 ms.
Unloading 1113 Unused Serialized files (Serialized files now loaded: 0)
System memory in use before: 57.7 MB.
System memory in use after: 57.8 MB.

Unloading 5 unused Assets to reduce memory usage. Loaded Objects now: 1659.
Total: 1.191300 ms (FindLiveObjects: 0.108100 ms CreateObjectMapping: 0.026700 ms MarkObjects: 1.025700 ms  DeleteObjects: 0.030100 ms)

========================================================================
Received Prepare
Registering precompiled user dll's ...
Registered in 0.000446 seconds.
Begin MonoManager ReloadAssembly
Native extension for WindowsStandalone target not found
Native extension for WebGL target not found
Refreshing native plugins compatible for Editor in 0.16 ms, found 0 plugins.
Preloading 0 native plugins for Editor in 0.00 ms.
Mono: successfully reloaded assembly
- Completed reload, in  0.594 seconds
Platform modules already initialized, skipping
Refreshing native plugins compatible for Editor in 0.15 ms, found 0 plugins.
Preloading 0 native plugins for Editor in 0.00 ms.
Unloading 1113 Unused Serialized files (Serialized files now loaded: 0)
System memory in use before: 57.8 MB.
System memory in use after: 57.8 MB.

Unloading 5 unused Assets to reduce memory usage. Loaded Objects now: 1662.
Total: 1.258100 ms (FindLiveObjects: 0.132400 ms CreateObjectMapping: 0.031600 ms MarkObjects: 1.061700 ms  DeleteObjects: 0.031400 ms)

========================================================================
Received Import Request.
  Time since last request: 291.634238 seconds.
  path: Assets/Scenes/Menu.unity
  artifactKey: Guid(b913b1cb5034f124cbb3a78e402c91ca) Importer(815301076,1909f56bfc062723c751e8b465ee728b)
Start importing Assets/Scenes/Menu.unity using Guid(b913b1cb5034f124cbb3a78e402c91ca) Importer(815301076,1909f56bfc062723c751e8b465ee728b)  -> (artifact id: 'db0976887be6b791c261b251e2255f42') in 0.008124 seconds
  Import took 0.009771 seconds .

========================================================================
Received Prepare
Registering precompiled user dll's ...
Registered in 0.000481 seconds.
Begin MonoManager ReloadAssembly
Native extension for WindowsStandalone target not found
Native extension for WebGL target not found
Refreshing native plugins compatible for Editor in 0.15 ms, found 0 plugins.
Preloading 0 native plugins for Editor in 0.00 ms.
Mono: successfully reloaded assembly
- Completed reload, in  0.613 seconds
Platform modules already initialized, skipping
Refreshing native plugins compatible for Editor in 0.16 ms, found 0 plugins.
Preloading 0 native plugins for Editor in 0.00 ms.
Unloading 1113 Unused Serialized files (Serialized files now loaded: 0)
System memory in use before: 57.8 MB.
System memory in use after: 57.8 MB.

Unloading 5 unused Assets to reduce memory usage. Loaded Objects now: 1665.
Total: 1.185000 ms (FindLiveObjects: 0.107000 ms CreateObjectMapping: 0.028200 ms MarkObjects: 1.017500 ms  DeleteObjects: 0.031600 ms)

========================================================================
Received Prepare
Registering precompiled user dll's ...
Registered in 0.000487 seconds.
Begin MonoManager ReloadAssembly
Native extension for WindowsStandalone target not found
Native extension for WebGL target not found
Refreshing native plugins compatible for Editor in 0.15 ms, found 0 plugins.
Preloading 0 native plugins for Editor in 0.00 ms.
Mono: successfully reloaded assembly
- Completed reload, in  0.575 seconds
Platform modules already initialized, skipping
Refreshing native plugins compatible for Editor in 0.15 ms, found 0 plugins.
Preloading 0 native plugins for Editor in 0.00 ms.
Unloading 1113 Unused Serialized files (Serialized files now loaded: 0)
System memory in use before: 57.8 MB.
System memory in use after: 57.8 MB.

Unloading 5 unused Assets to reduce memory usage. Loaded Objects now: 1668.
Total: 1.244000 ms (FindLiveObjects: 0.118700 ms CreateObjectMapping: 0.029800 ms MarkObjects: 1.062700 ms  DeleteObjects: 0.032000 ms)

========================================================================
Received Prepare
Registering precompiled user dll's ...
Registered in 0.000434 seconds.
Begin MonoManager ReloadAssembly
Native extension for WindowsStandalone target not found
Native extension for WebGL target not found
Refreshing native plugins compatible for Editor in 0.15 ms, found 0 plugins.
Preloading 0 native plugins for Editor in 0.00 ms.
Mono: successfully reloaded assembly
- Completed reload, in  0.567 seconds
Platform modules already initialized, skipping
Refreshing native plugins compatible for Editor in 0.15 ms, found 0 plugins.
Preloading 0 native plugins for Editor in 0.00 ms.
Unloading 1113 Unused Serialized files (Serialized files now loaded: 0)
System memory in use before: 57.8 MB.
System memory in use after: 57.8 MB.

Unloading 5 unused Assets to reduce memory usage. Loaded Objects now: 1671.
Total: 1.158200 ms (FindLiveObjects: 0.113000 ms CreateObjectMapping: 0.030200 ms MarkObjects: 0.982700 ms  DeleteObjects: 0.031400 ms)

========================================================================
Received Prepare
Registering precompiled user dll's ...
Registered in 0.000492 seconds.
Begin MonoManager ReloadAssembly
Native extension for WindowsStandalone target not found
Native extension for WebGL target not found
Refreshing native plugins compatible for Editor in 0.16 ms, found 0 plugins.
Preloading 0 native plugins for Editor in 0.00 ms.
Mono: successfully reloaded assembly
- Completed reload, in  0.571 seconds
Platform modules already initialized, skipping
Refreshing native plugins compatible for Editor in 0.18 ms, found 0 plugins.
Preloading 0 native plugins for Editor in 0.00 ms.
Unloading 1113 Unused Serialized files (Serialized files now loaded: 0)
System memory in use before: 57.8 MB.
System memory in use after: 57.9 MB.

Unloading 5 unused Assets to reduce memory usage. Loaded Objects now: 1674.
Total: 1.356100 ms (FindLiveObjects: 0.117700 ms CreateObjectMapping: 0.031800 ms MarkObjects: 1.169900 ms  DeleteObjects: 0.035900 ms)

========================================================================
Received Prepare
Registering precompiled user dll's ...
Registered in 0.000709 seconds.
Begin MonoManager ReloadAssembly
Native extension for WindowsStandalone target not found
Native extension for WebGL target not found
Refreshing native plugins compatible for Editor in 0.15 ms, found 0 plugins.
Preloading 0 native plugins for Editor in 0.00 ms.
Mono: successfully reloaded assembly
- Completed reload, in  0.579 seconds
Platform modules already initialized, skipping
Refreshing native plugins compatible for Editor in 0.15 ms, found 0 plugins.
Preloading 0 native plugins for Editor in 0.00 ms.
Unloading 1113 Unused Serialized files (Serialized files now loaded: 0)
System memory in use before: 57.8 MB.
System memory in use after: 57.9 MB.

Unloading 5 unused Assets to reduce memory usage. Loaded Objects now: 1677.
Total: 1.315300 ms (FindLiveObjects: 0.103300 ms CreateObjectMapping: 0.025200 ms MarkObjects: 1.156100 ms  DeleteObjects: 0.030000 ms)

